Build started 1/2/2018 6:41:09 AM.
     1>Project "E:\marvelloes infosystem\Vietual File System\Vietual File System\Vietual File System.vcxproj" on node 2 (build target(s)).
     1>InitializeBuildStatus:
         Touching "Debug\Vietual File System.unsuccessfulbuild".
       ClCompile:
         f:\visual studioss\VC\bin\CL.exe /c /ZI /nologo /W3 /WX- /Od /Oy- /D _MBCS /Gm /EHsc /RTC1 /MDd /GS /fp:precise /Zc:wchar_t /Zc:forScope /Fo"Debug\\" /Fd"Debug\vc100.pdb" /Gd /TP /analyze- /errorReport:prompt VFShelper.cpp VFSmain.cpp
         VFSmain.cpp
     1>e:\marvelloes infosystem\vietual file system\vietual file system\vfsmain.cpp(12): warning C4101: 'tempstr' : unreferenced local variable
         Generating Code...
         Compiling...
         VFShelper.cpp
         Generating Code...
     1>e:\marvelloes infosystem\vietual file system\vietual file system\vfshelper.cpp(243): warning C4715: 'rm_File' : not all control paths return a value
     1>e:\marvelloes infosystem\vietual file system\vietual file system\vfshelper.cpp(439): warning C4715: 'LseekFile' : not all control paths return a value
     1>e:\marvelloes infosystem\vietual file system\vietual file system\vfshelper.cpp(530): warning C4715: 'truncate_File' : not all control paths return a value
       Link:
         f:\visual studioss\VC\bin\link.exe /ERRORREPORT:PROMPT /OUT:"E:\marvelloes infosystem\Vietual File System\Debug\Vietual File System.exe" /NOLOGO kernel32.lib user32.lib gdi32.lib winspool.lib comdlg32.lib advapi32.lib shell32.lib ole32.lib oleaut32.lib uuid.lib odbc32.lib odbccp32.lib /MANIFEST /ManifestFile:"Debug\Vietual File System.exe.intermediate.manifest" /MANIFESTUAC:"level='asInvoker' uiAccess='false'" /DEBUG /PDB:"E:\marvelloes infosystem\Vietual File System\Debug\Vietual File System.pdb" /TLBID:1 /DYNAMICBASE /NXCOMPAT /IMPLIB:"E:\marvelloes infosystem\Vietual File System\Debug\Vietual File System.lib" /MACHINE:X86 Debug\VFShelper.obj
         Debug\VFSmain.obj
         LINK : E:\marvelloes infosystem\Vietual File System\Debug\Vietual File System.exe not found or not built by the last incremental link; performing full link
         Vietual File System.vcxproj -> E:\marvelloes infosystem\Vietual File System\Debug\Vietual File System.exe
       Manifest:
         C:\Program Files\Microsoft SDKs\Windows\v7.0A\bin\mt.exe /nologo /verbose /outputresource:"E:\marvelloes infosystem\Vietual File System\Debug\Vietual File System.exe;#1" /manifest "Debug\Vietual File System.exe.intermediate.manifest"
       FinalizeBuildStatus:
         Deleting file "Debug\Vietual File System.unsuccessfulbuild".
         Touching "Debug\Vietual File System.lastbuildstate".
     1>Done Building Project "E:\marvelloes infosystem\Vietual File System\Vietual File System\Vietual File System.vcxproj" (build target(s)).

Build succeeded.

Time Elapsed 00:00:01.22
